[4.399s] Invoking command in '/home/robot/ros2_ws/build/block_robot': PYTHONPATH=/home/robot/ros2_ws/build/block_robot/prefix_override:/usr/lib/python3/dist-packages/colcon_core/task/python/colcon_distutils_commands:/home/robot/ros2_ws/install/block_robot/lib/python3.10/site-packages:${PYTHONPATH} /usr/bin/python3 -W ignore:setup.py install is deprecated -W ignore:easy_install command is deprecated setup.py develop --editable --build-directory /home/robot/ros2_ws/build/block_robot/build --no-deps symlink_data
[5.669s] running develop
[6.501s] running egg_info
[6.501s] creating block_robot.egg-info
[6.502s] writing block_robot.egg-info/PKG-INFO
[6.503s] writing dependency_links to block_robot.egg-info/dependency_links.txt
[6.503s] writing entry points to block_robot.egg-info/entry_points.txt
[6.504s] writing requirements to block_robot.egg-info/requires.txt
[6.504s] writing top-level names to block_robot.egg-info/top_level.txt
[6.505s] writing manifest file 'block_robot.egg-info/SOURCES.txt'
[6.513s] reading manifest file 'block_robot.egg-info/SOURCES.txt'
[6.515s] writing manifest file 'block_robot.egg-info/SOURCES.txt'
[6.521s] running build_ext
[6.522s] Creating /home/robot/ros2_ws/install/block_robot/lib/python3.10/site-packages/block-robot.egg-link (link to .)
[6.525s] Installing buzzer_node script to /home/robot/ros2_ws/install/block_robot/lib/block_robot
[6.526s] Installing interpreter_node script to /home/robot/ros2_ws/install/block_robot/lib/block_robot
[6.527s] Installing ultrasonic_node script to /home/robot/ros2_ws/install/block_robot/lib/block_robot
[6.528s] 
[6.528s] Installed /home/robot/ros2_ws/build/block_robot
[6.529s] running symlink_data
[6.529s] creating /home/robot/ros2_ws/install/block_robot/share/ament_index
[6.530s] creating /home/robot/ros2_ws/install/block_robot/share/ament_index/resource_index
[6.530s] creating /home/robot/ros2_ws/install/block_robot/share/ament_index/resource_index/packages
[6.531s] symbolically linking /home/robot/ros2_ws/build/block_robot/resource/block_robot -> /home/robot/ros2_ws/install/block_robot/share/ament_index/resource_index/packages
[6.531s] symbolically linking /home/robot/ros2_ws/build/block_robot/package.xml -> /home/robot/ros2_ws/install/block_robot/share/block_robot
[6.532s] creating /home/robot/ros2_ws/install/block_robot/share/block_robot/launch
[6.533s] symbolically linking /home/robot/ros2_ws/build/block_robot/launch/bringup.launch.py -> /home/robot/ros2_ws/install/block_robot/share/block_robot/launch
[6.667s] Invoked command in '/home/robot/ros2_ws/build/block_robot' returned '0': PYTHONPATH=/home/robot/ros2_ws/build/block_robot/prefix_override:/usr/lib/python3/dist-packages/colcon_core/task/python/colcon_distutils_commands:/home/robot/ros2_ws/install/block_robot/lib/python3.10/site-packages:${PYTHONPATH} /usr/bin/python3 -W ignore:setup.py install is deprecated -W ignore:easy_install command is deprecated setup.py develop --editable --build-directory /home/robot/ros2_ws/build/block_robot/build --no-deps symlink_data
