[0.502s] DEBUG:colcon:Command line arguments: ['/usr/bin/colcon', 'build', '--symlink-install']
[0.502s] DEBUG:colcon:Parsed command line arguments: Namespace(log_base=None, log_level=None, verb_name='build', build_base='build', install_base='install', merge_install=False, symlink_install=True, test_result_base=None, continue_on_error=False, executor='parallel', parallel_workers=4, event_handlers=None, ignore_user_meta=False, metas=['./colcon.meta'], base_paths=['.'], packages_ignore=None, packages_ignore_regex=None, paths=None, packages_up_to=None, packages_up_to_regex=None, packages_above=None, packages_above_and_dependencies=None, packages_above_depth=None, packages_select_by_dep=None, packages_skip_by_dep=None, packages_skip_up_to=None, packages_select_build_failed=False, packages_skip_build_finished=False, packages_select_test_failures=False, packages_skip_test_passed=False, packages_select=None, packages_skip=None, packages_select_regex=None, packages_skip_regex=None, packages_start=None, packages_end=None, allow_overriding=[], cmake_args=None, cmake_target=None, cmake_target_skip_unavailable=False, cmake_clean_cache=False, cmake_clean_first=False, cmake_force_configure=False, ament_cmake_args=None, catkin_cmake_args=None, catkin_skip_building_tests=False, mixin_files=None, mixin=None, verb_parser=<colcon_mixin.mixin.mixin_argument.MixinArgumentDecorator object at 0xffffae17f4c0>, verb_extension=<colcon_core.verb.build.BuildVerb object at 0xffffae3686a0>, main=<bound method BuildVerb.main of <colcon_core.verb.build.BuildVerb object at 0xffffae3686a0>>, mixin_verb=('build',))
[1.377s] Level 1:colcon.colcon_core.package_discovery:discover_packages(colcon_meta) check parameters
[1.378s] Level 1:colcon.colcon_core.package_discovery:discover_packages(recursive) check parameters
[1.378s] Level 1:colcon.colcon_core.package_discovery:discover_packages(ignore) check parameters
[1.378s] Level 1:colcon.colcon_core.package_discovery:discover_packages(path) check parameters
[1.378s] Level 1:colcon.colcon_core.package_discovery:discover_packages(colcon_meta) discover
[1.379s] Level 1:colcon.colcon_core.package_discovery:discover_packages(recursive) discover
[1.379s] INFO:colcon.colcon_core.package_discovery:Crawling recursively for packages in '/home/robot/ros2_ws'
[1.379s] Level 1:colcon.colcon_core.package_identification:_identify(.) by extensions ['ignore', 'ignore_ament_install']
[1.380s] Level 1:colcon.colcon_core.package_identification:_identify(.) by extension 'ignore'
[1.380s] Level 1:colcon.colcon_core.package_identification:_identify(.) by extension 'ignore_ament_install'
[1.380s] Level 1:colcon.colcon_core.package_identification:_identify(.) by extensions ['colcon_pkg']
[1.380s] Level 1:colcon.colcon_core.package_identification:_identify(.) by extension 'colcon_pkg'
[1.380s] Level 1:colcon.colcon_core.package_identification:_identify(.) by extensions ['colcon_meta']
[1.380s] Level 1:colcon.colcon_core.package_identification:_identify(.) by extension 'colcon_meta'
[1.381s] Level 1:colcon.colcon_core.package_identification:_identify(.) by extensions ['ros']
[1.381s] Level 1:colcon.colcon_core.package_identification:_identify(.) by extension 'ros'
[1.426s] Level 1:colcon.colcon_core.package_identification:_identify(.) by extensions ['cmake', 'python']
[1.427s] Level 1:colcon.colcon_core.package_identification:_identify(.) by extension 'cmake'
[1.427s] Level 1:colcon.colcon_core.package_identification:_identify(.) by extension 'python'
[1.427s] Level 1:colcon.colcon_core.package_identification:_identify(.) by extensions ['python_setup_py']
[1.427s] Level 1:colcon.colcon_core.package_identification:_identify(.) by extension 'python_setup_py'
[1.428s] Level 1:colcon.colcon_core.package_identification:_identify(build) by extensions ['ignore', 'ignore_ament_install']
[1.428s] Level 1:colcon.colcon_core.package_identification:_identify(build) by extension 'ignore'
[1.428s] Level 1:colcon.colcon_core.package_identification:_identify(build) ignored
[1.429s] Level 1:colcon.colcon_core.package_identification:_identify(install) by extensions ['ignore', 'ignore_ament_install']
[1.429s] Level 1:colcon.colcon_core.package_identification:_identify(install) by extension 'ignore'
[1.429s] Level 1:colcon.colcon_core.package_identification:_identify(install) ignored
[1.430s] Level 1:colcon.colcon_core.package_identification:_identify(log) by extensions ['ignore', 'ignore_ament_install']
[1.430s] Level 1:colcon.colcon_core.package_identification:_identify(log) by extension 'ignore'
[1.430s] Level 1:colcon.colcon_core.package_identification:_identify(log) ignored
[1.431s] Level 1:colcon.colcon_core.package_identification:_identify(src) by extensions ['ignore', 'ignore_ament_install']
[1.431s] Level 1:colcon.colcon_core.package_identification:_identify(src) by extension 'ignore'
[1.431s] Level 1:colcon.colcon_core.package_identification:_identify(src) by extension 'ignore_ament_install'
[1.431s] Level 1:colcon.colcon_core.package_identification:_identify(src) by extensions ['colcon_pkg']
[1.431s] Level 1:colcon.colcon_core.package_identification:_identify(src) by extension 'colcon_pkg'
[1.432s] Level 1:colcon.colcon_core.package_identification:_identify(src) by extensions ['colcon_meta']
[1.432s] Level 1:colcon.colcon_core.package_identification:_identify(src) by extension 'colcon_meta'
[1.432s] Level 1:colcon.colcon_core.package_identification:_identify(src) by extensions ['ros']
[1.432s] Level 1:colcon.colcon_core.package_identification:_identify(src) by extension 'ros'
[1.432s] Level 1:colcon.colcon_core.package_identification:_identify(src) by extensions ['cmake', 'python']
[1.432s] Level 1:colcon.colcon_core.package_identification:_identify(src) by extension 'cmake'
[1.433s] Level 1:colcon.colcon_core.package_identification:_identify(src) by extension 'python'
[1.433s] Level 1:colcon.colcon_core.package_identification:_identify(src) by extensions ['python_setup_py']
[1.433s] Level 1:colcon.colcon_core.package_identification:_identify(src) by extension 'python_setup_py'
[1.433s] Level 1:colcon.colcon_core.package_identification:_identify(src/block_robot) by extensions ['ignore', 'ignore_ament_install']
[1.434s] Level 1:colcon.colcon_core.package_identification:_identify(src/block_robot) by extension 'ignore'
[1.434s] Level 1:colcon.colcon_core.package_identification:_identify(src/block_robot) by extension 'ignore_ament_install'
[1.434s] Level 1:colcon.colcon_core.package_identification:_identify(src/block_robot) by extensions ['colcon_pkg']
[1.434s] Level 1:colcon.colcon_core.package_identification:_identify(src/block_robot) by extension 'colcon_pkg'
[1.434s] Level 1:colcon.colcon_core.package_identification:_identify(src/block_robot) by extensions ['colcon_meta']
[1.435s] Level 1:colcon.colcon_core.package_identification:_identify(src/block_robot) by extension 'colcon_meta'
[1.435s] Level 1:colcon.colcon_core.package_identification:_identify(src/block_robot) by extensions ['ros']
[1.435s] Level 1:colcon.colcon_core.package_identification:_identify(src/block_robot) by extension 'ros'
[1.445s] DEBUG:colcon.colcon_core.package_identification:Package 'src/block_robot' with type 'ros.ament_python' and name 'block_robot'
[1.445s] Level 1:colcon.colcon_core.package_discovery:discover_packages(recursive) using defaults
[1.445s] Level 1:colcon.colcon_core.package_discovery:discover_packages(ignore) discover
[1.445s] Level 1:colcon.colcon_core.package_discovery:discover_packages(ignore) using defaults
[1.445s] Level 1:colcon.colcon_core.package_discovery:discover_packages(path) discover
[1.445s] Level 1:colcon.colcon_core.package_discovery:discover_packages(path) using defaults
[1.569s] Level 1:colcon.colcon_core.package_discovery:discover_packages(prefix_path) check parameters
[1.569s] Level 1:colcon.colcon_core.package_discovery:discover_packages(prefix_path) discover
[1.579s] DEBUG:colcon.colcon_installed_package_information.package_discovery:Found 0 installed packages in /home/robot/ros2_ws/install
[1.583s] DEBUG:colcon.colcon_installed_package_information.package_discovery:Found 9 installed packages in /home/robot/turtlebot3_ws/install
[1.592s] DEBUG:colcon.colcon_installed_package_information.package_discovery:Found 282 installed packages in /opt/ros/humble
[1.599s] Level 1:colcon.colcon_core.package_discovery:discover_packages(prefix_path) using defaults
[1.783s] Level 5:colcon.colcon_core.verb:set package 'block_robot' build argument 'cmake_args' from command line to 'None'
[1.783s] Level 5:colcon.colcon_core.verb:set package 'block_robot' build argument 'cmake_target' from command line to 'None'
[1.783s] Level 5:colcon.colcon_core.verb:set package 'block_robot' build argument 'cmake_target_skip_unavailable' from command line to 'False'
[1.783s] Level 5:colcon.colcon_core.verb:set package 'block_robot' build argument 'cmake_clean_cache' from command line to 'False'
[1.783s] Level 5:colcon.colcon_core.verb:set package 'block_robot' build argument 'cmake_clean_first' from command line to 'False'
[1.783s] Level 5:colcon.colcon_core.verb:set package 'block_robot' build argument 'cmake_force_configure' from command line to 'False'
[1.783s] Level 5:colcon.colcon_core.verb:set package 'block_robot' build argument 'ament_cmake_args' from command line to 'None'
[1.783s] Level 5:colcon.colcon_core.verb:set package 'block_robot' build argument 'catkin_cmake_args' from command line to 'None'
[1.783s] Level 5:colcon.colcon_core.verb:set package 'block_robot' build argument 'catkin_skip_building_tests' from command line to 'False'
[1.784s] DEBUG:colcon.colcon_core.verb:Building package 'block_robot' with the following arguments: {'ament_cmake_args': None, 'build_base': '/home/robot/ros2_ws/build/block_robot', 'catkin_cmake_args': None, 'catkin_skip_building_tests': False, 'cmake_args': None, 'cmake_clean_cache': False, 'cmake_clean_first': False, 'cmake_force_configure': False, 'cmake_target': None, 'cmake_target_skip_unavailable': False, 'install_base': '/home/robot/ros2_ws/install/block_robot', 'merge_install': False, 'path': '/home/robot/ros2_ws/src/block_robot', 'symlink_install': True, 'test_result_base': None}
[1.784s] INFO:colcon.colcon_core.executor:Executing jobs using 'parallel' executor
[1.788s] DEBUG:colcon.colcon_parallel_executor.executor.parallel:run_until_complete
[1.789s] INFO:colcon.colcon_ros.task.ament_python.build:Building ROS package in '/home/robot/ros2_ws/src/block_robot' with build type 'ament_python'
[1.789s] Level 1:colcon.colcon_core.shell:create_environment_hook('block_robot', 'ament_prefix_path')
[1.799s] INFO:colcon.colcon_core.plugin_system:Skipping extension 'colcon_core.shell.bat': Not used on non-Windows systems
[1.800s] INFO:colcon.colcon_core.shell:Creating environment hook '/home/robot/ros2_ws/install/block_robot/share/block_robot/hook/ament_prefix_path.ps1'
[1.803s] INFO:colcon.colcon_core.shell:Creating environment descriptor '/home/robot/ros2_ws/install/block_robot/share/block_robot/hook/ament_prefix_path.dsv'
[1.805s] INFO:colcon.colcon_core.shell:Creating environment hook '/home/robot/ros2_ws/install/block_robot/share/block_robot/hook/ament_prefix_path.sh'
[1.808s] INFO:colcon.colcon_core.shell:Skip shell extension 'powershell' for command environment: Not usable outside of PowerShell
[1.809s] DEBUG:colcon.colcon_core.shell:Skip shell extension 'dsv' for command environment
[3.107s] INFO:colcon.colcon_core.task.python.build:Building Python package in '/home/robot/ros2_ws/src/block_robot'
[3.108s] INFO:colcon.colcon_core.shell:Skip shell extension 'powershell' for command environment: Not usable outside of PowerShell
[3.108s] DEBUG:colcon.colcon_core.shell:Skip shell extension 'dsv' for command environment
[4.867s] DEBUG:colcon.colcon_core.task.python.build:Available setuptools commands: alias, symlink_data, upload, build_scripts, register, setopt, build_py, easy_install, upload_docs, build_ext, install, egg_info, init_catalog, install_data, dist_info, bdist_wheel, saveopts, install_headers, bdist_rpm, rotate, bdist, develop, install_lib, install_scripts, compile_catalog, clean, sdist, update_catalog, install_egg_info, bdist_dumb, test, extract_messages, bdist_egg, build_clib, build, check
[6.253s] DEBUG:colcon.colcon_core.task.python.build:Available setuptools 'develop' options: --always-copy, --dry-run, --uninstall, --build-directory, --prefix, --upgrade, --script-dir, --find-links, --user, --zip-ok, --multi-version, --exclude-scripts, --local-snapshots-ok, --no-user-cfg, --no-deps, --index-url, --no-find-links, --record, --editable, --install-layout, --quiet, --site-dirs, --verbose, --install-dir, --always-unzip, --optimize, --allow-hosts, --egg-path, --help, --force-installation-into-system-dir, --version
[6.259s] DEBUG:colcon.colcon_core.event_handler.log_command:Invoking command in '/home/robot/ros2_ws/build/block_robot': PYTHONPATH=/home/robot/ros2_ws/build/block_robot/prefix_override:/usr/lib/python3/dist-packages/colcon_core/task/python/colcon_distutils_commands:/home/robot/ros2_ws/install/block_robot/lib/python3.10/site-packages:${PYTHONPATH} /usr/bin/python3 -W ignore:setup.py install is deprecated -W ignore:easy_install command is deprecated setup.py develop --editable --build-directory /home/robot/ros2_ws/build/block_robot/build --no-deps symlink_data
[8.539s] Level 1:colcon.colcon_core.shell:create_environment_hook('block_robot', 'pythonpath_develop')
[8.540s] INFO:colcon.colcon_core.shell:Creating environment hook '/home/robot/ros2_ws/build/block_robot/share/block_robot/hook/pythonpath_develop.ps1'
[8.541s] DEBUG:colcon.colcon_core.event_handler.log_command:Invoked command in '/home/robot/ros2_ws/build/block_robot' returned '0': PYTHONPATH=/home/robot/ros2_ws/build/block_robot/prefix_override:/usr/lib/python3/dist-packages/colcon_core/task/python/colcon_distutils_commands:/home/robot/ros2_ws/install/block_robot/lib/python3.10/site-packages:${PYTHONPATH} /usr/bin/python3 -W ignore:setup.py install is deprecated -W ignore:easy_install command is deprecated setup.py develop --editable --build-directory /home/robot/ros2_ws/build/block_robot/build --no-deps symlink_data
[8.543s] INFO:colcon.colcon_core.shell:Creating environment descriptor '/home/robot/ros2_ws/build/block_robot/share/block_robot/hook/pythonpath_develop.dsv'
[8.545s] INFO:colcon.colcon_core.shell:Creating environment hook '/home/robot/ros2_ws/build/block_robot/share/block_robot/hook/pythonpath_develop.sh'
[8.557s] Level 1:colcon.colcon_core.environment:checking '/home/robot/ros2_ws/install/block_robot' for CMake module files
[8.560s] Level 1:colcon.colcon_core.environment:checking '/home/robot/ros2_ws/install/block_robot' for CMake config files
[8.563s] Level 1:colcon.colcon_core.environment:checking '/home/robot/ros2_ws/install/block_robot/lib'
[8.564s] Level 1:colcon.colcon_core.environment:checking '/home/robot/ros2_ws/install/block_robot/bin'
[8.564s] Level 1:colcon.colcon_core.environment:checking '/home/robot/ros2_ws/install/block_robot/lib/pkgconfig/block_robot.pc'
[8.565s] Level 1:colcon.colcon_core.environment:checking '/home/robot/ros2_ws/install/block_robot/lib/python3.10/site-packages'
[8.566s] Level 1:colcon.colcon_core.shell:create_environment_hook('block_robot', 'pythonpath')
[8.567s] INFO:colcon.colcon_core.shell:Creating environment hook '/home/robot/ros2_ws/install/block_robot/share/block_robot/hook/pythonpath.ps1'
[8.568s] INFO:colcon.colcon_core.shell:Creating environment descriptor '/home/robot/ros2_ws/install/block_robot/share/block_robot/hook/pythonpath.dsv'
[8.570s] INFO:colcon.colcon_core.shell:Creating environment hook '/home/robot/ros2_ws/install/block_robot/share/block_robot/hook/pythonpath.sh'
[8.573s] Level 1:colcon.colcon_core.environment:checking '/home/robot/ros2_ws/install/block_robot/bin'
[8.574s] Level 1:colcon.colcon_core.environment:create_environment_scripts_only(block_robot)
[8.575s] INFO:colcon.colcon_core.shell:Creating package script '/home/robot/ros2_ws/install/block_robot/share/block_robot/package.ps1'
[8.580s] INFO:colcon.colcon_core.shell:Creating package descriptor '/home/robot/ros2_ws/install/block_robot/share/block_robot/package.dsv'
[8.583s] INFO:colcon.colcon_core.shell:Creating package script '/home/robot/ros2_ws/install/block_robot/share/block_robot/package.sh'
[8.586s] INFO:colcon.colcon_core.shell:Creating package script '/home/robot/ros2_ws/install/block_robot/share/block_robot/package.bash'
[8.590s] INFO:colcon.colcon_core.shell:Creating package script '/home/robot/ros2_ws/install/block_robot/share/block_robot/package.zsh'
[8.593s] Level 1:colcon.colcon_core.environment:create_file_with_runtime_dependencies(/home/robot/ros2_ws/install/block_robot/share/colcon-core/packages/block_robot)
[8.594s] DEBUG:colcon.colcon_parallel_executor.executor.parallel:closing loop
[8.596s] DEBUG:colcon.colcon_parallel_executor.executor.parallel:loop closed
[8.596s] DEBUG:colcon.colcon_parallel_executor.executor.parallel:run_until_complete finished with '0'
[8.596s] DEBUG:colcon.colcon_core.event_reactor:joining thread
[8.598s] DEBUG:colcon.colcon_core.event_reactor:joined thread
[8.599s] INFO:colcon.colcon_core.shell:Creating prefix script '/home/robot/ros2_ws/install/local_setup.ps1'
[8.603s] INFO:colcon.colcon_core.shell:Creating prefix util module '/home/robot/ros2_ws/install/_local_setup_util_ps1.py'
[8.609s] INFO:colcon.colcon_core.shell:Creating prefix chain script '/home/robot/ros2_ws/install/setup.ps1'
[8.616s] INFO:colcon.colcon_core.shell:Creating prefix script '/home/robot/ros2_ws/install/local_setup.sh'
[8.619s] INFO:colcon.colcon_core.shell:Creating prefix util module '/home/robot/ros2_ws/install/_local_setup_util_sh.py'
[8.622s] INFO:colcon.colcon_core.shell:Creating prefix chain script '/home/robot/ros2_ws/install/setup.sh'
[8.629s] INFO:colcon.colcon_core.shell:Creating prefix script '/home/robot/ros2_ws/install/local_setup.bash'
[8.631s] INFO:colcon.colcon_core.shell:Creating prefix chain script '/home/robot/ros2_ws/install/setup.bash'
[8.638s] INFO:colcon.colcon_core.shell:Creating prefix script '/home/robot/ros2_ws/install/local_setup.zsh'
[8.640s] INFO:colcon.colcon_core.shell:Creating prefix chain script '/home/robot/ros2_ws/install/setup.zsh'
