[3.043s] Invoking command in '/home/robot/ros2_ws/build/block_robot': PYTHONPATH=/home/robot/ros2_ws/build/block_robot/prefix_override:/usr/lib/python3/dist-packages/colcon_core/task/python/colcon_distutils_commands:/home/robot/ros2_ws/install/block_robot/lib/python3.10/site-packages:${PYTHONPATH} /usr/bin/python3 -W ignore:setup.py install is deprecated -W ignore:easy_install command is deprecated setup.py develop --uninstall --editable --build-directory /home/robot/ros2_ws/build/block_robot/build
[4.309s] running develop
[5.151s] Removing /home/robot/ros2_ws/install/block_robot/lib/python3.10/site-packages/block-robot.egg-link (link to .)
[5.285s] Invoked command in '/home/robot/ros2_ws/build/block_robot' returned '0': PYTHONPATH=/home/robot/ros2_ws/build/block_robot/prefix_override:/usr/lib/python3/dist-packages/colcon_core/task/python/colcon_distutils_commands:/home/robot/ros2_ws/install/block_robot/lib/python3.10/site-packages:${PYTHONPATH} /usr/bin/python3 -W ignore:setup.py install is deprecated -W ignore:easy_install command is deprecated setup.py develop --uninstall --editable --build-directory /home/robot/ros2_ws/build/block_robot/build
[5.295s] Invoking command in '/home/robot/ros2_ws/src/block_robot': PYTHONPATH=/home/robot/ros2_ws/build/block_robot/prefix_override:/usr/lib/python3/dist-packages/colcon_core/task/python/colcon_distutils_commands:/home/robot/ros2_ws/install/block_robot/lib/python3.10/site-packages:${PYTHONPATH} /usr/bin/python3 -W ignore:setup.py install is deprecated -W ignore:easy_install command is deprecated setup.py egg_info --egg-base ../../build/block_robot build --build-base /home/robot/ros2_ws/build/block_robot/build install --record /home/robot/ros2_ws/build/block_robot/install.log --install-scripts $base/lib/block_robot --single-version-externally-managed install_data --force
[6.472s] running egg_info
[6.475s] writing ../../build/block_robot/block_robot.egg-info/PKG-INFO
[6.476s] writing dependency_links to ../../build/block_robot/block_robot.egg-info/dependency_links.txt
[6.477s] writing entry points to ../../build/block_robot/block_robot.egg-info/entry_points.txt
[6.478s] writing requirements to ../../build/block_robot/block_robot.egg-info/requires.txt
[6.478s] writing top-level names to ../../build/block_robot/block_robot.egg-info/top_level.txt
[6.486s] reading manifest file '../../build/block_robot/block_robot.egg-info/SOURCES.txt'
[6.490s] writing manifest file '../../build/block_robot/block_robot.egg-info/SOURCES.txt'
[6.491s] running build
[6.491s] running build_py
[6.492s] creating /home/robot/ros2_ws/build/block_robot/build
[6.493s] creating /home/robot/ros2_ws/build/block_robot/build/lib
[6.493s] creating /home/robot/ros2_ws/build/block_robot/build/lib/block_robot
[6.493s] copying block_robot/__init__.py -> /home/robot/ros2_ws/build/block_robot/build/lib/block_robot
[6.494s] copying block_robot/test_ultrasonic.py -> /home/robot/ros2_ws/build/block_robot/build/lib/block_robot
[6.494s] copying block_robot/ultrasonic_node.py -> /home/robot/ros2_ws/build/block_robot/build/lib/block_robot
[6.495s] copying block_robot/interpreter_node.py -> /home/robot/ros2_ws/build/block_robot/build/lib/block_robot
[6.495s] copying block_robot/buzzer_node.py -> /home/robot/ros2_ws/build/block_robot/build/lib/block_robot
[6.497s] running install
[6.498s] running install_lib
[6.501s] creating /home/robot/ros2_ws/install/block_robot/lib/python3.10/site-packages/block_robot
[6.501s] copying /home/robot/ros2_ws/build/block_robot/build/lib/block_robot/__init__.py -> /home/robot/ros2_ws/install/block_robot/lib/python3.10/site-packages/block_robot
[6.502s] copying /home/robot/ros2_ws/build/block_robot/build/lib/block_robot/test_ultrasonic.py -> /home/robot/ros2_ws/install/block_robot/lib/python3.10/site-packages/block_robot
[6.503s] copying /home/robot/ros2_ws/build/block_robot/build/lib/block_robot/ultrasonic_node.py -> /home/robot/ros2_ws/install/block_robot/lib/python3.10/site-packages/block_robot
[6.504s] copying /home/robot/ros2_ws/build/block_robot/build/lib/block_robot/interpreter_node.py -> /home/robot/ros2_ws/install/block_robot/lib/python3.10/site-packages/block_robot
[6.504s] copying /home/robot/ros2_ws/build/block_robot/build/lib/block_robot/buzzer_node.py -> /home/robot/ros2_ws/install/block_robot/lib/python3.10/site-packages/block_robot
[6.512s] byte-compiling /home/robot/ros2_ws/install/block_robot/lib/python3.10/site-packages/block_robot/__init__.py to __init__.cpython-310.pyc
[6.513s] byte-compiling /home/robot/ros2_ws/install/block_robot/lib/python3.10/site-packages/block_robot/test_ultrasonic.py to test_ultrasonic.cpython-310.pyc
[6.516s] byte-compiling /home/robot/ros2_ws/install/block_robot/lib/python3.10/site-packages/block_robot/ultrasonic_node.py to ultrasonic_node.cpython-310.pyc
[6.519s] byte-compiling /home/robot/ros2_ws/install/block_robot/lib/python3.10/site-packages/block_robot/interpreter_node.py to interpreter_node.cpython-310.pyc
[6.524s] byte-compiling /home/robot/ros2_ws/install/block_robot/lib/python3.10/site-packages/block_robot/buzzer_node.py to buzzer_node.cpython-310.pyc
[6.525s] running install_data
[6.526s] copying resource/block_robot -> /home/robot/ros2_ws/install/block_robot/share/ament_index/resource_index/packages
[6.527s] copying package.xml -> /home/robot/ros2_ws/install/block_robot/share/block_robot
[6.528s] copying launch/bringup.launch.py -> /home/robot/ros2_ws/install/block_robot/share/block_robot/launch
[6.528s] running install_egg_info
[6.535s] Copying ../../build/block_robot/block_robot.egg-info to /home/robot/ros2_ws/install/block_robot/lib/python3.10/site-packages/block_robot-0.0.1-py3.10.egg-info
[6.541s] running install_scripts
[6.622s] Installing buzzer_node script to /home/robot/ros2_ws/install/block_robot/lib/block_robot
[6.623s] Installing interpreter_node script to /home/robot/ros2_ws/install/block_robot/lib/block_robot
[6.623s] Installing ultrasonic_node script to /home/robot/ros2_ws/install/block_robot/lib/block_robot
[6.625s] writing list of installed files to '/home/robot/ros2_ws/build/block_robot/install.log'
[6.744s] Invoked command in '/home/robot/ros2_ws/src/block_robot' returned '0': PYTHONPATH=/home/robot/ros2_ws/build/block_robot/prefix_override:/usr/lib/python3/dist-packages/colcon_core/task/python/colcon_distutils_commands:/home/robot/ros2_ws/install/block_robot/lib/python3.10/site-packages:${PYTHONPATH} /usr/bin/python3 -W ignore:setup.py install is deprecated -W ignore:easy_install command is deprecated setup.py egg_info --egg-base ../../build/block_robot build --build-base /home/robot/ros2_ws/build/block_robot/build install --record /home/robot/ros2_ws/build/block_robot/install.log --install-scripts $base/lib/block_robot --single-version-externally-managed install_data --force
