/home/robot/ros2_ws/install/block_robot/lib/python3.10/site-packages/block_robot/__init__.py
/home/robot/ros2_ws/install/block_robot/lib/python3.10/site-packages/block_robot/test_ultrasonic.py
/home/robot/ros2_ws/install/block_robot/lib/python3.10/site-packages/block_robot/ultrasonic_node.py
/home/robot/ros2_ws/install/block_robot/lib/python3.10/site-packages/block_robot/interpreter_node.py
/home/robot/ros2_ws/install/block_robot/lib/python3.10/site-packages/block_robot/buzzer_node.py
/home/robot/ros2_ws/install/block_robot/lib/python3.10/site-packages/block_robot/__pycache__/__init__.cpython-310.pyc
/home/robot/ros2_ws/install/block_robot/lib/python3.10/site-packages/block_robot/__pycache__/test_ultrasonic.cpython-310.pyc
/home/robot/ros2_ws/install/block_robot/lib/python3.10/site-packages/block_robot/__pycache__/ultrasonic_node.cpython-310.pyc
/home/robot/ros2_ws/install/block_robot/lib/python3.10/site-packages/block_robot/__pycache__/interpreter_node.cpython-310.pyc
/home/robot/ros2_ws/install/block_robot/lib/python3.10/site-packages/block_robot/__pycache__/buzzer_node.cpython-310.pyc
/home/robot/ros2_ws/install/block_robot/share/ament_index/resource_index/packages/block_robot
/home/robot/ros2_ws/install/block_robot/share/block_robot/package.xml
/home/robot/ros2_ws/install/block_robot/share/block_robot/launch/bringup.launch.py
/home/robot/ros2_ws/install/block_robot/lib/python3.10/site-packages/block_robot-0.0.1-py3.10.egg-info/PKG-INFO
/home/robot/ros2_ws/install/block_robot/lib/python3.10/site-packages/block_robot-0.0.1-py3.10.egg-info/top_level.txt
/home/robot/ros2_ws/install/block_robot/lib/python3.10/site-packages/block_robot-0.0.1-py3.10.egg-info/SOURCES.txt
/home/robot/ros2_ws/install/block_robot/lib/python3.10/site-packages/block_robot-0.0.1-py3.10.egg-info/entry_points.txt
/home/robot/ros2_ws/install/block_robot/lib/python3.10/site-packages/block_robot-0.0.1-py3.10.egg-info/requires.txt
/home/robot/ros2_ws/install/block_robot/lib/python3.10/site-packages/block_robot-0.0.1-py3.10.egg-info/dependency_links.txt
/home/robot/ros2_ws/install/block_robot/lib/python3.10/site-packages/block_robot-0.0.1-py3.10.egg-info/zip-safe
/home/robot/ros2_ws/install/block_robot/lib/block_robot/buzzer_node
/home/robot/ros2_ws/install/block_robot/lib/block_robot/interpreter_node
/home/robot/ros2_ws/install/block_robot/lib/block_robot/ultrasonic_node
