[0.858s] DEBUG:colcon:Command line arguments: ['/usr/bin/colcon', 'build', '--packages-select', 'block_robot']
[0.858s] DEBUG:colcon:Parsed command line arguments: Namespace(log_base=None, log_level=None, verb_name='build', build_base='build', install_base='install', merge_install=False, symlink_install=False, test_result_base=None, continue_on_error=False, executor='parallel', parallel_workers=4, event_handlers=None, ignore_user_meta=False, metas=['./colcon.meta'], base_paths=['.'], packages_ignore=None, packages_ignore_regex=None, paths=None, packages_up_to=None, packages_up_to_regex=None, packages_above=None, packages_above_and_dependencies=None, packages_above_depth=None, packages_select_by_dep=None, packages_skip_by_dep=None, packages_skip_up_to=None, packages_select_build_failed=False, packages_skip_build_finished=False, packages_select_test_failures=False, packages_skip_test_passed=False, packages_select=['block_robot'], packages_skip=None, packages_select_regex=None, packages_skip_regex=None, packages_start=None, packages_end=None, allow_overriding=[], cmake_args=None, cmake_target=None, cmake_target_skip_unavailable=False, cmake_clean_cache=False, cmake_clean_first=False, cmake_force_configure=False, ament_cmake_args=None, catkin_cmake_args=None, catkin_skip_building_tests=False, mixin_files=None, mixin=None, verb_parser=<colcon_mixin.mixin.mixin_argument.MixinArgumentDecorator object at 0xffffba11f190>, verb_extension=<colcon_core.verb.build.BuildVerb object at 0xffffba308400>, main=<bound method BuildVerb.main of <colcon_core.verb.build.BuildVerb object at 0xffffba308400>>, mixin_verb=('build',))
[2.328s] Level 1:colcon.colcon_core.package_discovery:discover_packages(colcon_meta) check parameters
[2.329s] Level 1:colcon.colcon_core.package_discovery:discover_packages(recursive) check parameters
[2.335s] Level 1:colcon.colcon_core.package_discovery:discover_packages(ignore) check parameters
[2.336s] Level 1:colcon.colcon_core.package_discovery:discover_packages(path) check parameters
[2.336s] Level 1:colcon.colcon_core.package_discovery:discover_packages(colcon_meta) discover
[2.336s] Level 1:colcon.colcon_core.package_discovery:discover_packages(recursive) discover
[2.337s] INFO:colcon.colcon_core.package_discovery:Crawling recursively for packages in '/home/robot/ros2_ws'
[2.337s] Level 1:colcon.colcon_core.package_identification:_identify(.) by extensions ['ignore', 'ignore_ament_install']
[2.338s] Level 1:colcon.colcon_core.package_identification:_identify(.) by extension 'ignore'
[2.338s] Level 1:colcon.colcon_core.package_identification:_identify(.) by extension 'ignore_ament_install'
[2.339s] Level 1:colcon.colcon_core.package_identification:_identify(.) by extensions ['colcon_pkg']
[2.339s] Level 1:colcon.colcon_core.package_identification:_identify(.) by extension 'colcon_pkg'
[2.339s] Level 1:colcon.colcon_core.package_identification:_identify(.) by extensions ['colcon_meta']
[2.340s] Level 1:colcon.colcon_core.package_identification:_identify(.) by extension 'colcon_meta'
[2.340s] Level 1:colcon.colcon_core.package_identification:_identify(.) by extensions ['ros']
[2.340s] Level 1:colcon.colcon_core.package_identification:_identify(.) by extension 'ros'
[2.416s] Level 1:colcon.colcon_core.package_identification:_identify(.) by extensions ['cmake', 'python']
[2.416s] Level 1:colcon.colcon_core.package_identification:_identify(.) by extension 'cmake'
[2.417s] Level 1:colcon.colcon_core.package_identification:_identify(.) by extension 'python'
[2.417s] Level 1:colcon.colcon_core.package_identification:_identify(.) by extensions ['python_setup_py']
[2.417s] Level 1:colcon.colcon_core.package_identification:_identify(.) by extension 'python_setup_py'
[2.417s] Level 1:colcon.colcon_core.package_identification:_identify(build) by extensions ['ignore', 'ignore_ament_install']
[2.418s] Level 1:colcon.colcon_core.package_identification:_identify(build) by extension 'ignore'
[2.418s] Level 1:colcon.colcon_core.package_identification:_identify(build) ignored
[2.419s] Level 1:colcon.colcon_core.package_identification:_identify(install) by extensions ['ignore', 'ignore_ament_install']
[2.419s] Level 1:colcon.colcon_core.package_identification:_identify(install) by extension 'ignore'
[2.419s] Level 1:colcon.colcon_core.package_identification:_identify(install) ignored
[2.420s] Level 1:colcon.colcon_core.package_identification:_identify(log) by extensions ['ignore', 'ignore_ament_install']
[2.420s] Level 1:colcon.colcon_core.package_identification:_identify(log) by extension 'ignore'
[2.420s] Level 1:colcon.colcon_core.package_identification:_identify(log) ignored
[2.422s] Level 1:colcon.colcon_core.package_identification:_identify(src) by extensions ['ignore', 'ignore_ament_install']
[2.422s] Level 1:colcon.colcon_core.package_identification:_identify(src) by extension 'ignore'
[2.423s] Level 1:colcon.colcon_core.package_identification:_identify(src) by extension 'ignore_ament_install'
[2.423s] Level 1:colcon.colcon_core.package_identification:_identify(src) by extensions ['colcon_pkg']
[2.423s] Level 1:colcon.colcon_core.package_identification:_identify(src) by extension 'colcon_pkg'
[2.423s] Level 1:colcon.colcon_core.package_identification:_identify(src) by extensions ['colcon_meta']
[2.423s] Level 1:colcon.colcon_core.package_identification:_identify(src) by extension 'colcon_meta'
[2.423s] Level 1:colcon.colcon_core.package_identification:_identify(src) by extensions ['ros']
[2.423s] Level 1:colcon.colcon_core.package_identification:_identify(src) by extension 'ros'
[2.424s] Level 1:colcon.colcon_core.package_identification:_identify(src) by extensions ['cmake', 'python']
[2.424s] Level 1:colcon.colcon_core.package_identification:_identify(src) by extension 'cmake'
[2.424s] Level 1:colcon.colcon_core.package_identification:_identify(src) by extension 'python'
[2.424s] Level 1:colcon.colcon_core.package_identification:_identify(src) by extensions ['python_setup_py']
[2.425s] Level 1:colcon.colcon_core.package_identification:_identify(src) by extension 'python_setup_py'
[2.426s] Level 1:colcon.colcon_core.package_identification:_identify(src/block_robot) by extensions ['ignore', 'ignore_ament_install']
[2.426s] Level 1:colcon.colcon_core.package_identification:_identify(src/block_robot) by extension 'ignore'
[2.426s] Level 1:colcon.colcon_core.package_identification:_identify(src/block_robot) by extension 'ignore_ament_install'
[2.427s] Level 1:colcon.colcon_core.package_identification:_identify(src/block_robot) by extensions ['colcon_pkg']
[2.427s] Level 1:colcon.colcon_core.package_identification:_identify(src/block_robot) by extension 'colcon_pkg'
[2.427s] Level 1:colcon.colcon_core.package_identification:_identify(src/block_robot) by extensions ['colcon_meta']
[2.427s] Level 1:colcon.colcon_core.package_identification:_identify(src/block_robot) by extension 'colcon_meta'
[2.427s] Level 1:colcon.colcon_core.package_identification:_identify(src/block_robot) by extensions ['ros']
[2.428s] Level 1:colcon.colcon_core.package_identification:_identify(src/block_robot) by extension 'ros'
[2.442s] DEBUG:colcon.colcon_core.package_identification:Package 'src/block_robot' with type 'ros.ament_python' and name 'block_robot'
[2.442s] Level 1:colcon.colcon_core.package_discovery:discover_packages(recursive) using defaults
[2.443s] Level 1:colcon.colcon_core.package_discovery:discover_packages(ignore) discover
[2.443s] Level 1:colcon.colcon_core.package_discovery:discover_packages(ignore) using defaults
[2.443s] Level 1:colcon.colcon_core.package_discovery:discover_packages(path) discover
[2.443s] Level 1:colcon.colcon_core.package_discovery:discover_packages(path) using defaults
[2.632s] Level 1:colcon.colcon_core.package_discovery:discover_packages(prefix_path) check parameters
[2.632s] Level 1:colcon.colcon_core.package_discovery:discover_packages(prefix_path) discover
[2.656s] DEBUG:colcon.colcon_installed_package_information.package_discovery:Found 9 installed packages in /home/robot/turtlebot3_ws/install
[2.667s] DEBUG:colcon.colcon_installed_package_information.package_discovery:Found 282 installed packages in /opt/ros/humble
[2.674s] Level 1:colcon.colcon_core.package_discovery:discover_packages(prefix_path) using defaults
[2.898s] Level 5:colcon.colcon_core.verb:set package 'block_robot' build argument 'cmake_args' from command line to 'None'
[2.898s] Level 5:colcon.colcon_core.verb:set package 'block_robot' build argument 'cmake_target' from command line to 'None'
[2.898s] Level 5:colcon.colcon_core.verb:set package 'block_robot' build argument 'cmake_target_skip_unavailable' from command line to 'False'
[2.898s] Level 5:colcon.colcon_core.verb:set package 'block_robot' build argument 'cmake_clean_cache' from command line to 'False'
[2.899s] Level 5:colcon.colcon_core.verb:set package 'block_robot' build argument 'cmake_clean_first' from command line to 'False'
[2.899s] Level 5:colcon.colcon_core.verb:set package 'block_robot' build argument 'cmake_force_configure' from command line to 'False'
[2.899s] Level 5:colcon.colcon_core.verb:set package 'block_robot' build argument 'ament_cmake_args' from command line to 'None'
[2.899s] Level 5:colcon.colcon_core.verb:set package 'block_robot' build argument 'catkin_cmake_args' from command line to 'None'
[2.899s] Level 5:colcon.colcon_core.verb:set package 'block_robot' build argument 'catkin_skip_building_tests' from command line to 'False'
[2.899s] DEBUG:colcon.colcon_core.verb:Building package 'block_robot' with the following arguments: {'ament_cmake_args': None, 'build_base': '/home/robot/ros2_ws/build/block_robot', 'catkin_cmake_args': None, 'catkin_skip_building_tests': False, 'cmake_args': None, 'cmake_clean_cache': False, 'cmake_clean_first': False, 'cmake_force_configure': False, 'cmake_target': None, 'cmake_target_skip_unavailable': False, 'install_base': '/home/robot/ros2_ws/install/block_robot', 'merge_install': False, 'path': '/home/robot/ros2_ws/src/block_robot', 'symlink_install': False, 'test_result_base': None}
[2.900s] INFO:colcon.colcon_core.executor:Executing jobs using 'parallel' executor
[2.905s] DEBUG:colcon.colcon_parallel_executor.executor.parallel:run_until_complete
[2.906s] INFO:colcon.colcon_ros.task.ament_python.build:Building ROS package in '/home/robot/ros2_ws/src/block_robot' with build type 'ament_python'
[2.907s] Level 1:colcon.colcon_core.shell:create_environment_hook('block_robot', 'ament_prefix_path')
[2.935s] INFO:colcon.colcon_core.plugin_system:Skipping extension 'colcon_core.shell.bat': Not used on non-Windows systems
[2.937s] INFO:colcon.colcon_core.shell:Creating environment hook '/home/robot/ros2_ws/install/block_robot/share/block_robot/hook/ament_prefix_path.ps1'
[2.945s] INFO:colcon.colcon_core.shell:Creating environment descriptor '/home/robot/ros2_ws/install/block_robot/share/block_robot/hook/ament_prefix_path.dsv'
[2.950s] INFO:colcon.colcon_core.shell:Creating environment hook '/home/robot/ros2_ws/install/block_robot/share/block_robot/hook/ament_prefix_path.sh'
[2.957s] INFO:colcon.colcon_core.shell:Skip shell extension 'powershell' for command environment: Not usable outside of PowerShell
[2.958s] DEBUG:colcon.colcon_core.shell:Skip shell extension 'dsv' for command environment
[4.259s] INFO:colcon.colcon_core.task.python.build:Building Python package in '/home/robot/ros2_ws/src/block_robot'
[4.260s] INFO:colcon.colcon_core.shell:Skip shell extension 'powershell' for command environment: Not usable outside of PowerShell
[4.261s] DEBUG:colcon.colcon_core.shell:Skip shell extension 'dsv' for command environment
[6.719s] DEBUG:colcon.colcon_core.task.python.build:Available setuptools commands: egg_info, saveopts, bdist_egg, install_headers, develop, sdist, install_lib, build, symlink_data, install_egg_info, build_clib, dist_info, build_scripts, bdist_dumb, upload, update_catalog, build_py, rotate, bdist_wheel, test, compile_catalog, install_data, bdist, build_ext, setopt, register, install, clean, check, upload_docs, init_catalog, alias, extract_messages, bdist_rpm, install_scripts, easy_install
[6.723s] DEBUG:colcon.colcon_core.event_handler.log_command:Invoking command in '/home/robot/ros2_ws/build/block_robot': PYTHONPATH=/home/robot/ros2_ws/build/block_robot/prefix_override:/usr/lib/python3/dist-packages/colcon_core/task/python/colcon_distutils_commands:/home/robot/ros2_ws/install/block_robot/lib/python3.10/site-packages:${PYTHONPATH} /usr/bin/python3 -W ignore:setup.py install is deprecated -W ignore:easy_install command is deprecated setup.py develop --uninstall --editable --build-directory /home/robot/ros2_ws/build/block_robot/build
[8.977s] DEBUG:colcon.colcon_core.event_handler.log_command:Invoked command in '/home/robot/ros2_ws/build/block_robot' returned '0': PYTHONPATH=/home/robot/ros2_ws/build/block_robot/prefix_override:/usr/lib/python3/dist-packages/colcon_core/task/python/colcon_distutils_commands:/home/robot/ros2_ws/install/block_robot/lib/python3.10/site-packages:${PYTHONPATH} /usr/bin/python3 -W ignore:setup.py install is deprecated -W ignore:easy_install command is deprecated setup.py develop --uninstall --editable --build-directory /home/robot/ros2_ws/build/block_robot/build
[8.987s] DEBUG:colcon.colcon_core.event_handler.log_command:Invoking command in '/home/robot/ros2_ws/src/block_robot': PYTHONPATH=/home/robot/ros2_ws/build/block_robot/prefix_override:/usr/lib/python3/dist-packages/colcon_core/task/python/colcon_distutils_commands:/home/robot/ros2_ws/install/block_robot/lib/python3.10/site-packages:${PYTHONPATH} /usr/bin/python3 -W ignore:setup.py install is deprecated -W ignore:easy_install command is deprecated setup.py egg_info --egg-base ../../build/block_robot build --build-base /home/robot/ros2_ws/build/block_robot/build install --record /home/robot/ros2_ws/build/block_robot/install.log --install-scripts $base/lib/block_robot --single-version-externally-managed install_data --force
[10.440s] DEBUG:colcon.colcon_core.event_handler.log_command:Invoked command in '/home/robot/ros2_ws/src/block_robot' returned '0': PYTHONPATH=/home/robot/ros2_ws/build/block_robot/prefix_override:/usr/lib/python3/dist-packages/colcon_core/task/python/colcon_distutils_commands:/home/robot/ros2_ws/install/block_robot/lib/python3.10/site-packages:${PYTHONPATH} /usr/bin/python3 -W ignore:setup.py install is deprecated -W ignore:easy_install command is deprecated setup.py egg_info --egg-base ../../build/block_robot build --build-base /home/robot/ros2_ws/build/block_robot/build install --record /home/robot/ros2_ws/build/block_robot/install.log --install-scripts $base/lib/block_robot --single-version-externally-managed install_data --force
[10.479s] Level 1:colcon.colcon_core.environment:checking '/home/robot/ros2_ws/install/block_robot' for CMake module files
[10.483s] Level 1:colcon.colcon_core.environment:checking '/home/robot/ros2_ws/install/block_robot' for CMake config files
[10.490s] Level 1:colcon.colcon_core.environment:checking '/home/robot/ros2_ws/install/block_robot/lib'
[10.491s] Level 1:colcon.colcon_core.environment:checking '/home/robot/ros2_ws/install/block_robot/bin'
[10.491s] Level 1:colcon.colcon_core.environment:checking '/home/robot/ros2_ws/install/block_robot/lib/pkgconfig/block_robot.pc'
[10.492s] Level 1:colcon.colcon_core.environment:checking '/home/robot/ros2_ws/install/block_robot/lib/python3.10/site-packages'
[10.493s] Level 1:colcon.colcon_core.shell:create_environment_hook('block_robot', 'pythonpath')
[10.494s] INFO:colcon.colcon_core.shell:Creating environment hook '/home/robot/ros2_ws/install/block_robot/share/block_robot/hook/pythonpath.ps1'
[10.496s] INFO:colcon.colcon_core.shell:Creating environment descriptor '/home/robot/ros2_ws/install/block_robot/share/block_robot/hook/pythonpath.dsv'
[10.498s] INFO:colcon.colcon_core.shell:Creating environment hook '/home/robot/ros2_ws/install/block_robot/share/block_robot/hook/pythonpath.sh'
[10.502s] Level 1:colcon.colcon_core.environment:checking '/home/robot/ros2_ws/install/block_robot/bin'
[10.502s] Level 1:colcon.colcon_core.environment:create_environment_scripts_only(block_robot)
[10.503s] INFO:colcon.colcon_core.shell:Creating package script '/home/robot/ros2_ws/install/block_robot/share/block_robot/package.ps1'
[10.510s] INFO:colcon.colcon_core.shell:Creating package descriptor '/home/robot/ros2_ws/install/block_robot/share/block_robot/package.dsv'
[10.516s] INFO:colcon.colcon_core.shell:Creating package script '/home/robot/ros2_ws/install/block_robot/share/block_robot/package.sh'
[10.522s] INFO:colcon.colcon_core.shell:Creating package script '/home/robot/ros2_ws/install/block_robot/share/block_robot/package.bash'
[10.531s] INFO:colcon.colcon_core.shell:Creating package script '/home/robot/ros2_ws/install/block_robot/share/block_robot/package.zsh'
[10.539s] Level 1:colcon.colcon_core.environment:create_file_with_runtime_dependencies(/home/robot/ros2_ws/install/block_robot/share/colcon-core/packages/block_robot)
[10.541s] DEBUG:colcon.colcon_parallel_executor.executor.parallel:closing loop
[10.542s] DEBUG:colcon.colcon_parallel_executor.executor.parallel:loop closed
[10.543s] DEBUG:colcon.colcon_parallel_executor.executor.parallel:run_until_complete finished with '0'
[10.543s] DEBUG:colcon.colcon_core.event_reactor:joining thread
[10.545s] DEBUG:colcon.colcon_core.event_reactor:joined thread
[10.546s] INFO:colcon.colcon_core.shell:Creating prefix script '/home/robot/ros2_ws/install/local_setup.ps1'
[10.552s] INFO:colcon.colcon_core.shell:Creating prefix util module '/home/robot/ros2_ws/install/_local_setup_util_ps1.py'
[10.562s] INFO:colcon.colcon_core.shell:Creating prefix chain script '/home/robot/ros2_ws/install/setup.ps1'
[10.572s] INFO:colcon.colcon_core.shell:Creating prefix script '/home/robot/ros2_ws/install/local_setup.sh'
[10.578s] INFO:colcon.colcon_core.shell:Creating prefix util module '/home/robot/ros2_ws/install/_local_setup_util_sh.py'
[10.581s] INFO:colcon.colcon_core.shell:Creating prefix chain script '/home/robot/ros2_ws/install/setup.sh'
[10.590s] INFO:colcon.colcon_core.shell:Creating prefix script '/home/robot/ros2_ws/install/local_setup.bash'
[10.596s] INFO:colcon.colcon_core.shell:Creating prefix chain script '/home/robot/ros2_ws/install/setup.bash'
[10.605s] INFO:colcon.colcon_core.shell:Creating prefix script '/home/robot/ros2_ws/install/local_setup.zsh'
[10.611s] INFO:colcon.colcon_core.shell:Creating prefix chain script '/home/robot/ros2_ws/install/setup.zsh'
