[0.494s] DEBUG:colcon:Command line arguments: ['/usr/bin/colcon', 'build', '--symlink-install']
[0.494s] DEBUG:colcon:Parsed command line arguments: Namespace(log_base=None, log_level=None, verb_name='build', build_base='build', install_base='install', merge_install=False, symlink_install=True, test_result_base=None, continue_on_error=False, executor='parallel', parallel_workers=4, event_handlers=None, ignore_user_meta=False, metas=['./colcon.meta'], base_paths=['.'], packages_ignore=None, packages_ignore_regex=None, paths=None, packages_up_to=None, packages_up_to_regex=None, packages_above=None, packages_above_and_dependencies=None, packages_above_depth=None, packages_select_by_dep=None, packages_skip_by_dep=None, packages_skip_up_to=None, packages_select_build_failed=False, packages_skip_build_finished=False, packages_select_test_failures=False, packages_skip_test_passed=False, packages_select=None, packages_skip=None, packages_select_regex=None, packages_skip_regex=None, packages_start=None, packages_end=None, allow_overriding=[], cmake_args=None, cmake_target=None, cmake_target_skip_unavailable=False, cmake_clean_cache=False, cmake_clean_first=False, cmake_force_configure=False, ament_cmake_args=None, catkin_cmake_args=None, catkin_skip_building_tests=False, mixin_files=None, mixin=None, verb_parser=<colcon_mixin.mixin.mixin_argument.MixinArgumentDecorator object at 0xffffb344b4f0>, verb_extension=<colcon_core.verb.build.BuildVerb object at 0xffffb36386d0>, main=<bound method BuildVerb.main of <colcon_core.verb.build.BuildVerb object at 0xffffb36386d0>>, mixin_verb=('build',))
[1.360s] Level 1:colcon.colcon_core.package_discovery:discover_packages(colcon_meta) check parameters
[1.361s] Level 1:colcon.colcon_core.package_discovery:discover_packages(recursive) check parameters
[1.361s] Level 1:colcon.colcon_core.package_discovery:discover_packages(ignore) check parameters
[1.361s] Level 1:colcon.colcon_core.package_discovery:discover_packages(path) check parameters
[1.361s] Level 1:colcon.colcon_core.package_discovery:discover_packages(colcon_meta) discover
[1.361s] Level 1:colcon.colcon_core.package_discovery:discover_packages(recursive) discover
[1.362s] INFO:colcon.colcon_core.package_discovery:Crawling recursively for packages in '/home/robot/ros2_ws'
[1.362s] Level 1:colcon.colcon_core.package_identification:_identify(.) by extensions ['ignore', 'ignore_ament_install']
[1.362s] Level 1:colcon.colcon_core.package_identification:_identify(.) by extension 'ignore'
[1.363s] Level 1:colcon.colcon_core.package_identification:_identify(.) by extension 'ignore_ament_install'
[1.363s] Level 1:colcon.colcon_core.package_identification:_identify(.) by extensions ['colcon_pkg']
[1.363s] Level 1:colcon.colcon_core.package_identification:_identify(.) by extension 'colcon_pkg'
[1.363s] Level 1:colcon.colcon_core.package_identification:_identify(.) by extensions ['colcon_meta']
[1.363s] Level 1:colcon.colcon_core.package_identification:_identify(.) by extension 'colcon_meta'
[1.363s] Level 1:colcon.colcon_core.package_identification:_identify(.) by extensions ['ros']
[1.363s] Level 1:colcon.colcon_core.package_identification:_identify(.) by extension 'ros'
[1.408s] Level 1:colcon.colcon_core.package_identification:_identify(.) by extensions ['cmake', 'python']
[1.408s] Level 1:colcon.colcon_core.package_identification:_identify(.) by extension 'cmake'
[1.408s] Level 1:colcon.colcon_core.package_identification:_identify(.) by extension 'python'
[1.409s] Level 1:colcon.colcon_core.package_identification:_identify(.) by extensions ['python_setup_py']
[1.409s] Level 1:colcon.colcon_core.package_identification:_identify(.) by extension 'python_setup_py'
[1.409s] Level 1:colcon.colcon_core.package_identification:_identify(build) by extensions ['ignore', 'ignore_ament_install']
[1.410s] Level 1:colcon.colcon_core.package_identification:_identify(build) by extension 'ignore'
[1.410s] Level 1:colcon.colcon_core.package_identification:_identify(build) ignored
[1.411s] Level 1:colcon.colcon_core.package_identification:_identify(install) by extensions ['ignore', 'ignore_ament_install']
[1.411s] Level 1:colcon.colcon_core.package_identification:_identify(install) by extension 'ignore'
[1.411s] Level 1:colcon.colcon_core.package_identification:_identify(install) ignored
[1.412s] Level 1:colcon.colcon_core.package_identification:_identify(log) by extensions ['ignore', 'ignore_ament_install']
[1.412s] Level 1:colcon.colcon_core.package_identification:_identify(log) by extension 'ignore'
[1.412s] Level 1:colcon.colcon_core.package_identification:_identify(log) ignored
[1.412s] Level 1:colcon.colcon_core.package_identification:_identify(src) by extensions ['ignore', 'ignore_ament_install']
[1.413s] Level 1:colcon.colcon_core.package_identification:_identify(src) by extension 'ignore'
[1.413s] Level 1:colcon.colcon_core.package_identification:_identify(src) by extension 'ignore_ament_install'
[1.413s] Level 1:colcon.colcon_core.package_identification:_identify(src) by extensions ['colcon_pkg']
[1.413s] Level 1:colcon.colcon_core.package_identification:_identify(src) by extension 'colcon_pkg'
[1.413s] Level 1:colcon.colcon_core.package_identification:_identify(src) by extensions ['colcon_meta']
[1.414s] Level 1:colcon.colcon_core.package_identification:_identify(src) by extension 'colcon_meta'
[1.414s] Level 1:colcon.colcon_core.package_identification:_identify(src) by extensions ['ros']
[1.414s] Level 1:colcon.colcon_core.package_identification:_identify(src) by extension 'ros'
[1.415s] Level 1:colcon.colcon_core.package_identification:_identify(src) by extensions ['cmake', 'python']
[1.415s] Level 1:colcon.colcon_core.package_identification:_identify(src) by extension 'cmake'
[1.415s] Level 1:colcon.colcon_core.package_identification:_identify(src) by extension 'python'
[1.415s] Level 1:colcon.colcon_core.package_identification:_identify(src) by extensions ['python_setup_py']
[1.416s] Level 1:colcon.colcon_core.package_identification:_identify(src) by extension 'python_setup_py'
[1.416s] Level 1:colcon.colcon_core.package_identification:_identify(src/block_robot) by extensions ['ignore', 'ignore_ament_install']
[1.417s] Level 1:colcon.colcon_core.package_identification:_identify(src/block_robot) by extension 'ignore'
[1.417s] Level 1:colcon.colcon_core.package_identification:_identify(src/block_robot) by extension 'ignore_ament_install'
[1.417s] Level 1:colcon.colcon_core.package_identification:_identify(src/block_robot) by extensions ['colcon_pkg']
[1.417s] Level 1:colcon.colcon_core.package_identification:_identify(src/block_robot) by extension 'colcon_pkg'
[1.417s] Level 1:colcon.colcon_core.package_identification:_identify(src/block_robot) by extensions ['colcon_meta']
[1.417s] Level 1:colcon.colcon_core.package_identification:_identify(src/block_robot) by extension 'colcon_meta'
[1.418s] Level 1:colcon.colcon_core.package_identification:_identify(src/block_robot) by extensions ['ros']
[1.418s] Level 1:colcon.colcon_core.package_identification:_identify(src/block_robot) by extension 'ros'
[1.428s] DEBUG:colcon.colcon_core.package_identification:Package 'src/block_robot' with type 'ros.ament_python' and name 'block_robot'
[1.428s] Level 1:colcon.colcon_core.package_discovery:discover_packages(recursive) using defaults
[1.428s] Level 1:colcon.colcon_core.package_discovery:discover_packages(ignore) discover
[1.428s] Level 1:colcon.colcon_core.package_discovery:discover_packages(ignore) using defaults
[1.428s] Level 1:colcon.colcon_core.package_discovery:discover_packages(path) discover
[1.428s] Level 1:colcon.colcon_core.package_discovery:discover_packages(path) using defaults
[1.550s] Level 1:colcon.colcon_core.package_discovery:discover_packages(prefix_path) check parameters
[1.550s] Level 1:colcon.colcon_core.package_discovery:discover_packages(prefix_path) discover
[1.554s] WARNING:colcon.colcon_ros.prefix_path.ament:The path '/home/robot/ros2_ws/install/block_robot' in the environment variable AMENT_PREFIX_PATH doesn't exist
[1.561s] DEBUG:colcon.colcon_installed_package_information.package_discovery:Found 0 installed packages in /home/robot/ros2_ws/install
[1.564s] DEBUG:colcon.colcon_installed_package_information.package_discovery:Found 9 installed packages in /home/robot/turtlebot3_ws/install
[1.574s] DEBUG:colcon.colcon_installed_package_information.package_discovery:Found 282 installed packages in /opt/ros/humble
[1.581s] Level 1:colcon.colcon_core.package_discovery:discover_packages(prefix_path) using defaults
[1.764s] Level 5:colcon.colcon_core.verb:set package 'block_robot' build argument 'cmake_args' from command line to 'None'
[1.764s] Level 5:colcon.colcon_core.verb:set package 'block_robot' build argument 'cmake_target' from command line to 'None'
[1.764s] Level 5:colcon.colcon_core.verb:set package 'block_robot' build argument 'cmake_target_skip_unavailable' from command line to 'False'
[1.764s] Level 5:colcon.colcon_core.verb:set package 'block_robot' build argument 'cmake_clean_cache' from command line to 'False'
[1.764s] Level 5:colcon.colcon_core.verb:set package 'block_robot' build argument 'cmake_clean_first' from command line to 'False'
[1.764s] Level 5:colcon.colcon_core.verb:set package 'block_robot' build argument 'cmake_force_configure' from command line to 'False'
[1.764s] Level 5:colcon.colcon_core.verb:set package 'block_robot' build argument 'ament_cmake_args' from command line to 'None'
[1.765s] Level 5:colcon.colcon_core.verb:set package 'block_robot' build argument 'catkin_cmake_args' from command line to 'None'
[1.765s] Level 5:colcon.colcon_core.verb:set package 'block_robot' build argument 'catkin_skip_building_tests' from command line to 'False'
[1.765s] DEBUG:colcon.colcon_core.verb:Building package 'block_robot' with the following arguments: {'ament_cmake_args': None, 'build_base': '/home/robot/ros2_ws/build/block_robot', 'catkin_cmake_args': None, 'catkin_skip_building_tests': False, 'cmake_args': None, 'cmake_clean_cache': False, 'cmake_clean_first': False, 'cmake_force_configure': False, 'cmake_target': None, 'cmake_target_skip_unavailable': False, 'install_base': '/home/robot/ros2_ws/install/block_robot', 'merge_install': False, 'path': '/home/robot/ros2_ws/src/block_robot', 'symlink_install': True, 'test_result_base': None}
[1.765s] INFO:colcon.colcon_core.executor:Executing jobs using 'parallel' executor
[1.769s] DEBUG:colcon.colcon_parallel_executor.executor.parallel:run_until_complete
[1.770s] INFO:colcon.colcon_ros.task.ament_python.build:Building ROS package in '/home/robot/ros2_ws/src/block_robot' with build type 'ament_python'
[1.771s] Level 1:colcon.colcon_core.shell:create_environment_hook('block_robot', 'ament_prefix_path')
[1.779s] INFO:colcon.colcon_core.plugin_system:Skipping extension 'colcon_core.shell.bat': Not used on non-Windows systems
[1.780s] INFO:colcon.colcon_core.shell:Creating environment hook '/home/robot/ros2_ws/install/block_robot/share/block_robot/hook/ament_prefix_path.ps1'
[1.783s] INFO:colcon.colcon_core.shell:Creating environment descriptor '/home/robot/ros2_ws/install/block_robot/share/block_robot/hook/ament_prefix_path.dsv'
[1.785s] INFO:colcon.colcon_core.shell:Creating environment hook '/home/robot/ros2_ws/install/block_robot/share/block_robot/hook/ament_prefix_path.sh'
[1.788s] INFO:colcon.colcon_core.shell:Skip shell extension 'powershell' for command environment: Not usable outside of PowerShell
[1.789s] DEBUG:colcon.colcon_core.shell:Skip shell extension 'dsv' for command environment
[3.066s] INFO:colcon.colcon_core.task.python.build:Building Python package in '/home/robot/ros2_ws/src/block_robot'
[3.068s] INFO:colcon.colcon_core.shell:Skip shell extension 'powershell' for command environment: Not usable outside of PowerShell
[3.068s] DEBUG:colcon.colcon_core.shell:Skip shell extension 'dsv' for command environment
[4.795s] DEBUG:colcon.colcon_core.task.python.build:Available setuptools commands: upload_docs, develop, test, sdist, symlink_data, bdist_egg, init_catalog, build, clean, dist_info, bdist_wheel, install_headers, register, easy_install, build_ext, build_scripts, update_catalog, build_clib, saveopts, check, compile_catalog, bdist, install_lib, setopt, rotate, extract_messages, install_scripts, install, build_py, install_data, bdist_rpm, alias, install_egg_info, bdist_dumb, egg_info, upload
[6.163s] DEBUG:colcon.colcon_core.task.python.build:Available setuptools 'develop' options: --uninstall, --site-dirs, --index-url, --verbose, --prefix, --help, --user, --find-links, --install-layout, --editable, --zip-ok, --record, --egg-path, --local-snapshots-ok, --install-dir, --version, --no-user-cfg, --force-installation-into-system-dir, --build-directory, --dry-run, --quiet, --no-deps, --allow-hosts, --always-unzip, --exclude-scripts, --always-copy, --upgrade, --multi-version, --optimize, --no-find-links, --script-dir
[6.170s] DEBUG:colcon.colcon_core.event_handler.log_command:Invoking command in '/home/robot/ros2_ws/build/block_robot': PYTHONPATH=/home/robot/ros2_ws/build/block_robot/prefix_override:/usr/lib/python3/dist-packages/colcon_core/task/python/colcon_distutils_commands:/home/robot/ros2_ws/install/block_robot/lib/python3.10/site-packages:${PYTHONPATH} /usr/bin/python3 -W ignore:setup.py install is deprecated -W ignore:easy_install command is deprecated setup.py develop --editable --build-directory /home/robot/ros2_ws/build/block_robot/build --no-deps symlink_data
[8.435s] Level 1:colcon.colcon_core.shell:create_environment_hook('block_robot', 'pythonpath_develop')
[8.437s] INFO:colcon.colcon_core.shell:Creating environment hook '/home/robot/ros2_ws/build/block_robot/share/block_robot/hook/pythonpath_develop.ps1'
[8.438s] DEBUG:colcon.colcon_core.event_handler.log_command:Invoked command in '/home/robot/ros2_ws/build/block_robot' returned '0': PYTHONPATH=/home/robot/ros2_ws/build/block_robot/prefix_override:/usr/lib/python3/dist-packages/colcon_core/task/python/colcon_distutils_commands:/home/robot/ros2_ws/install/block_robot/lib/python3.10/site-packages:${PYTHONPATH} /usr/bin/python3 -W ignore:setup.py install is deprecated -W ignore:easy_install command is deprecated setup.py develop --editable --build-directory /home/robot/ros2_ws/build/block_robot/build --no-deps symlink_data
[8.440s] INFO:colcon.colcon_core.shell:Creating environment descriptor '/home/robot/ros2_ws/build/block_robot/share/block_robot/hook/pythonpath_develop.dsv'
[8.441s] INFO:colcon.colcon_core.shell:Creating environment hook '/home/robot/ros2_ws/build/block_robot/share/block_robot/hook/pythonpath_develop.sh'
[8.454s] Level 1:colcon.colcon_core.environment:checking '/home/robot/ros2_ws/install/block_robot' for CMake module files
[8.456s] Level 1:colcon.colcon_core.environment:checking '/home/robot/ros2_ws/install/block_robot' for CMake config files
[8.459s] Level 1:colcon.colcon_core.environment:checking '/home/robot/ros2_ws/install/block_robot/lib'
[8.460s] Level 1:colcon.colcon_core.environment:checking '/home/robot/ros2_ws/install/block_robot/bin'
[8.460s] Level 1:colcon.colcon_core.environment:checking '/home/robot/ros2_ws/install/block_robot/lib/pkgconfig/block_robot.pc'
[8.461s] Level 1:colcon.colcon_core.environment:checking '/home/robot/ros2_ws/install/block_robot/lib/python3.10/site-packages'
[8.462s] Level 1:colcon.colcon_core.shell:create_environment_hook('block_robot', 'pythonpath')
[8.462s] INFO:colcon.colcon_core.shell:Creating environment hook '/home/robot/ros2_ws/install/block_robot/share/block_robot/hook/pythonpath.ps1'
[8.464s] INFO:colcon.colcon_core.shell:Creating environment descriptor '/home/robot/ros2_ws/install/block_robot/share/block_robot/hook/pythonpath.dsv'
[8.466s] INFO:colcon.colcon_core.shell:Creating environment hook '/home/robot/ros2_ws/install/block_robot/share/block_robot/hook/pythonpath.sh'
[8.469s] Level 1:colcon.colcon_core.environment:checking '/home/robot/ros2_ws/install/block_robot/bin'
[8.470s] Level 1:colcon.colcon_core.environment:create_environment_scripts_only(block_robot)
[8.471s] INFO:colcon.colcon_core.shell:Creating package script '/home/robot/ros2_ws/install/block_robot/share/block_robot/package.ps1'
[8.476s] INFO:colcon.colcon_core.shell:Creating package descriptor '/home/robot/ros2_ws/install/block_robot/share/block_robot/package.dsv'
[8.478s] INFO:colcon.colcon_core.shell:Creating package script '/home/robot/ros2_ws/install/block_robot/share/block_robot/package.sh'
[8.481s] INFO:colcon.colcon_core.shell:Creating package script '/home/robot/ros2_ws/install/block_robot/share/block_robot/package.bash'
[8.485s] INFO:colcon.colcon_core.shell:Creating package script '/home/robot/ros2_ws/install/block_robot/share/block_robot/package.zsh'
[8.488s] Level 1:colcon.colcon_core.environment:create_file_with_runtime_dependencies(/home/robot/ros2_ws/install/block_robot/share/colcon-core/packages/block_robot)
[8.489s] DEBUG:colcon.colcon_parallel_executor.executor.parallel:closing loop
[8.490s] DEBUG:colcon.colcon_parallel_executor.executor.parallel:loop closed
[8.490s] DEBUG:colcon.colcon_parallel_executor.executor.parallel:run_until_complete finished with '0'
[8.491s] DEBUG:colcon.colcon_core.event_reactor:joining thread
[8.492s] DEBUG:colcon.colcon_core.event_reactor:joined thread
[8.493s] INFO:colcon.colcon_core.shell:Creating prefix script '/home/robot/ros2_ws/install/local_setup.ps1'
[8.497s] INFO:colcon.colcon_core.shell:Creating prefix util module '/home/robot/ros2_ws/install/_local_setup_util_ps1.py'
[8.503s] INFO:colcon.colcon_core.shell:Creating prefix chain script '/home/robot/ros2_ws/install/setup.ps1'
[8.511s] INFO:colcon.colcon_core.shell:Creating prefix script '/home/robot/ros2_ws/install/local_setup.sh'
[8.514s] INFO:colcon.colcon_core.shell:Creating prefix util module '/home/robot/ros2_ws/install/_local_setup_util_sh.py'
[8.516s] INFO:colcon.colcon_core.shell:Creating prefix chain script '/home/robot/ros2_ws/install/setup.sh'
[8.523s] INFO:colcon.colcon_core.shell:Creating prefix script '/home/robot/ros2_ws/install/local_setup.bash'
[8.526s] INFO:colcon.colcon_core.shell:Creating prefix chain script '/home/robot/ros2_ws/install/setup.bash'
[8.533s] INFO:colcon.colcon_core.shell:Creating prefix script '/home/robot/ros2_ws/install/local_setup.zsh'
[8.535s] INFO:colcon.colcon_core.shell:Creating prefix chain script '/home/robot/ros2_ws/install/setup.zsh'
